<?xml version="1.0" encoding="UTF-8"?>
<!-- Generated by org.testng.reporters.JUnitReportReporter -->
<testsuite skipped="3" hostname="LAPTOP-JD3JCJ7C" name="tests.SanityBuyProduct" tests="4" failures="0" timestamp="2021-03-05T11:39:40 IST" time="11.902" errors="0">
  <testcase name="searchProduct" time="11.902" classname="tests.SanityBuyProduct"/>
  <system-out/>
  <testcase name="getIntoProduct" classname="tests.SanityBuyProduct">
    <skipped/>
  </testcase> <!-- getIntoProduct -->
  <system-out/>
  <testcase name="addToCart" classname="tests.SanityBuyProduct">
    <skipped/>
  </testcase> <!-- addToCart -->
  <system-out/>
  <testcase name="editProduct" classname="tests.SanityBuyProduct">
    <skipped/>
  </testcase> <!-- editProduct -->
  <system-out/>
</testsuite> <!-- tests.SanityBuyProduct -->
